<?xml version="1.0" encoding="UTF-8"?>
<testsuite xmlns:xsi="http://www.w3.org/2001/XMLSchema-instance" xsi:noNamespaceSchemaLocation="https://maven.apache.org/surefire/maven-surefire-plugin/xsd/surefire-test-report-3.0.xsd" version="3.0" name="cardgame.PlayerDeckIntegrationTest" time="0.133" tests="3" errors="0" skipped="0" failures="0">
  <properties>
[...]
</properties>
  <testcase name="testWinnerRace" classname="cardgame.PlayerDeckIntegrationTest" time="0.091">
    <system-out><![CDATA[Please enter the number of players:Please enter location of pack to load:player 1 wins
Game finished.
]]></system-out>
  </testcase>
  <testcase name="testTwoPlayerGameFlow" classname="cardgame.PlayerDeckIntegrationTest" time="0.008">
    <system-out><![CDATA[Please enter the number of players:Please enter location of pack to load:Game finished.
]]></system-out>
  </testcase>
  <testcase name="testDrawAndDiscard" classname="cardgame.PlayerDeckIntegrationTest" time="0.011">
    <system-out><![CDATA[Please enter the number of players:Please enter location of pack to load:Game finished.
]]></system-out>
  </testcase>
</testsuite>